Determining if the pthread_create exist failed with the following output:
Change Dir: /home/eva/catkin_ws/build/CMakeFiles/CMakeTmp

Run Build Command:"/usr/bin/make" "cmTC_a7281/fast"
/usr/bin/make -f CMakeFiles/cmTC_a7281.dir/build.make CMakeFiles/cmTC_a7281.dir/build
make[1] : on entre dans le répertoire « /home/eva/catkin_ws/build/CMakeFiles/CMakeTmp »
Building C object CMakeFiles/cmTC_a7281.dir/CheckSymbolExists.c.o
/usr/bin/cc    -o CMakeFiles/cmTC_a7281.dir/CheckSymbolExists.c.o   -c /home/eva/catkin_ws/build/CMakeFiles/CMakeTmp/CheckSymbolExists.c
Linking C executable cmTC_a7281
/usr/bin/cmake -E cmake_link_script CMakeFiles/cmTC_a7281.dir/link.txt --verbose=1
/usr/bin/cc      -rdynamic CMakeFiles/cmTC_a7281.dir/CheckSymbolExists.c.o  -o cmTC_a7281 
CMakeFiles/cmTC_a7281.dir/CheckSymbolExists.c.o : Dans la fonction « main » :
CheckSymbolExists.c:(.text+0x1b) : référence indéfinie vers « pthread_create »
collect2: error: ld returned 1 exit status
CMakeFiles/cmTC_a7281.dir/build.make:97: recipe for target 'cmTC_a7281' failed
make[1]: *** [cmTC_a7281] Error 1
make[1] : on quitte le répertoire « /home/eva/catkin_ws/build/CMakeFiles/CMakeTmp »
Makefile:126: recipe for target 'cmTC_a7281/fast' failed
make: *** [cmTC_a7281/fast] Error 2

File /home/eva/catkin_ws/build/CMakeFiles/CMakeTmp/CheckSymbolExists.c:
/* */
#include <pthread.h>

int main(int argc, char** argv)
{
  (void)argv;
#ifndef pthread_create
  return ((int*)(&pthread_create))[argc];
#else
  (void)argc;
  return 0;
#endif
}

Determining if the function pthread_create exists in the pthreads failed with the following output:
Change Dir: /home/eva/catkin_ws/build/CMakeFiles/CMakeTmp

Run Build Command:"/usr/bin/make" "cmTC_e4477/fast"
/usr/bin/make -f CMakeFiles/cmTC_e4477.dir/build.make CMakeFiles/cmTC_e4477.dir/build
make[1] : on entre dans le répertoire « /home/eva/catkin_ws/build/CMakeFiles/CMakeTmp »
Building C object CMakeFiles/cmTC_e4477.dir/CheckFunctionExists.c.o
/usr/bin/cc   -DCHECK_FUNCTION_EXISTS=pthread_create   -o CMakeFiles/cmTC_e4477.dir/CheckFunctionExists.c.o   -c /usr/share/cmake-3.10/Modules/CheckFunctionExists.c
Linking C executable cmTC_e4477
/usr/bin/cmake -E cmake_link_script CMakeFiles/cmTC_e4477.dir/link.txt --verbose=1
/usr/bin/cc  -DCHECK_FUNCTION_EXISTS=pthread_create    -rdynamic CMakeFiles/cmTC_e4477.dir/CheckFunctionExists.c.o  -o cmTC_e4477 -lpthreads 
/usr/bin/ld : ne peut trouver -lpthreads
collect2: error: ld returned 1 exit status
CMakeFiles/cmTC_e4477.dir/build.make:97: recipe for target 'cmTC_e4477' failed
make[1]: *** [cmTC_e4477] Error 1
make[1] : on quitte le répertoire « /home/eva/catkin_ws/build/CMakeFiles/CMakeTmp »
Makefile:126: recipe for target 'cmTC_e4477/fast' failed
make: *** [cmTC_e4477/fast] Error 2


